<?xml version="1.0" encoding="UTF-8"?>
<testng-results ignored="0" total="1" passed="1" failed="0" skipped="0">
  <reporter-output>
  </reporter-output>
  <suite started-at="2022-12-27T16:53:37 IST" name="Default suite" finished-at="2022-12-27T16:53:57 IST" duration-ms="19651">
    <groups>
    </groups>
    <test started-at="2022-12-27T16:53:37 IST" name="Default test" finished-at="2022-12-27T16:53:57 IST" duration-ms="19651">
      <class name="testCases.InventoryTest">
        <test-method is-config="true" signature="setup()[pri:0, instance:testCases.InventoryTest@865dd6]" started-at="2022-12-27T16:53:37 IST" name="setup" finished-at="2022-12-27T16:53:42 IST" duration-ms="5136" status="PASS">
          <reporter-output>
          </reporter-output>
        </test-method> <!-- setup -->
        <test-method signature="verifyAddCart1Test()[pri:0, instance:testCases.InventoryTest@865dd6]" started-at="2022-12-27T16:53:42 IST" name="verifyAddCart1Test" finished-at="2022-12-27T16:53:56 IST" duration-ms="14044" status="PASS">
          <reporter-output>
          </reporter-output>
        </test-method> <!-- verifyAddCart1Test -->
        <test-method is-config="true" signature="closeBrowser()[pri:0, instance:testCases.InventoryTest@865dd6]" started-at="2022-12-27T16:53:56 IST" name="closeBrowser" finished-at="2022-12-27T16:53:57 IST" duration-ms="421" status="PASS">
          <reporter-output>
          </reporter-output>
        </test-method> <!-- closeBrowser -->
      </class> <!-- testCases.InventoryTest -->
    </test> <!-- Default test -->
  </suite> <!-- Default suite -->
</testng-results>
